<?xml version="1.0" encoding="UTF-8"?>
<!-- Generated by org.testng.reporters.JUnitXMLReporter -->
<testsuite ignored="0" hostname="Mridul" failures="0" tests="5" name="Product Dispaly Page chrome" time="4.722" errors="0" timestamp="2024-04-18T01:55:33 IST">
  <testcase classname="agi.qa.rotorazer.base.BaseTest" name="@BeforeTest setup" time="2.871">
    <failure type="java.lang.NullPointerException" message="Cannot invoke &amp;quot;agi.qa.rotorazer.utils.JavaScriptUtil.setzoomlevelByJS(org.openqa.selenium.WebDriver)&amp;quot; because &amp;quot;this.JsUtil&amp;quot; is null">
      <![CDATA[java.lang.NullPointerException: Cannot invoke "agi.qa.rotorazer.utils.JavaScriptUtil.setzoomlevelByJS(org.openqa.selenium.WebDriver)" because "this.JsUtil" is null
at agi.qa.rotorazer.factory.DriverFactory.initDriver(DriverFactory.java:76)
at agi.qa.rotorazer.base.BaseTest.setup(BaseTest.java:45)
at java.base/jdk.internal.reflect.NativeMethodAccessorImpl.invoke0(Native Method)
at java.base/jdk.internal.reflect.NativeMethodAccessorImpl.invoke(NativeMethodAccessorImpl.java:77)
at java.base/jdk.internal.reflect.DelegatingMethodAccessorImpl.invoke(DelegatingMethodAccessorImpl.java:43)
at java.base/java.lang.reflect.Method.invoke(Method.java:568)
at org.testng.internal.MethodInvocationHelper.invokeMethod(MethodInvocationHelper.java:133)
at org.testng.internal.MethodInvocationHelper.invokeMethodConsideringTimeout(MethodInvocationHelper.java:62)
at org.testng.internal.ConfigInvoker.invokeConfigurationMethod(ConfigInvoker.java:340)
at org.testng.internal.ConfigInvoker.invokeConfigurations(ConfigInvoker.java:294)
at org.testng.TestRunner.invokeTestConfigurations(TestRunner.java:623)
at org.testng.TestRunner.beforeRun(TestRunner.java:613)
at org.testng.TestRunner.run(TestRunner.java:584)
at org.testng.SuiteRunner.runTest(SuiteRunner.java:402)
at org.testng.SuiteRunner.access$000(SuiteRunner.java:41)
at org.testng.SuiteRunner$SuiteWorker.run(SuiteRunner.java:443)
at org.testng.internal.thread.ThreadUtil.lambda$execute$0(ThreadUtil.java:67)
at java.base/java.util.concurrent.FutureTask.run(FutureTask.java:264)
at java.base/java.util.concurrent.ThreadPoolExecutor.runWorker(ThreadPoolExecutor.java:1136)
at java.base/java.util.concurrent.ThreadPoolExecutor$Worker.run(ThreadPoolExecutor.java:635)
at java.base/java.lang.Thread.run(Thread.java:840)
]]>
    </failure>
  </testcase> <!-- @BeforeTest setup -->
  <testcase classname="agi.qa.rotorazer.tests.ProductDispalyPageTest" name="@BeforeClass pdpSetup" time="-1.713385532499E9">
    <skipped/>
  </testcase> <!-- @BeforeClass pdpSetup -->
  <testcase classname="agi.qa.rotorazer.base.BaseTest" name="@AfterTest tearDown" time="-1.713385533961E9">
    <skipped/>
  </testcase> <!-- @AfterTest tearDown -->
  <testcase classname="agi.qa.rotorazer.tests.ProductDispalyPageTest" name="ProductDispalyPageTitleTest" time="0.0">
    <skipped/>
  </testcase> <!-- ProductDispalyPageTitleTest -->
  <testcase classname="agi.qa.rotorazer.tests.ProductDispalyPageTest" name="placeOrder" time="0.0">
    <skipped/>
  </testcase> <!-- placeOrder -->
  <testcase classname="agi.qa.rotorazer.tests.ProductDispalyPageTest" name="placeOrder" time="0.0">
    <skipped/>
  </testcase> <!-- placeOrder -->
  <testcase classname="agi.qa.rotorazer.tests.ProductDispalyPageTest" name="placeOrder" time="0.0">
    <skipped/>
  </testcase> <!-- placeOrder -->
  <testcase classname="agi.qa.rotorazer.tests.ProductDispalyPageTest" name="placeOrder" time="0.0">
    <skipped/>
  </testcase> <!-- placeOrder -->
</testsuite> <!-- Product Dispaly Page chrome -->
